<?xml version="1.0" encoding="UTF-8"?>
<testsuite name="se.tetris.team3.blocksTest.blocksTest" tests="1" skipped="0" failures="0" errors="0" timestamp="2025-10-01T06:51:37" hostname="LEEHYEOK" time="0.005">
  <properties/>
  <testcase name="LBlock 회전 테스트" classname="se.tetris.team3.blocksTest.blocksTest" time="0.005"/>
  <system-out><![CDATA[]]></system-out>
  <system-err><![CDATA[]]></system-err>
</testsuite>
